{"/home/maks/Projects/rs-react-app/src/main.tsx": {"path":"/home/maks/Projects/rs-react-app/src/main.tsx","statementMap":{"0":{"start":{"line":1,"column":0},"end":{"line":1,"column":35}},"1":{"start":{"line":2,"column":0},"end":{"line":2,"column":46}},"2":{"start":{"line":3,"column":0},"end":{"line":3,"column":21}},"3":{"start":{"line":4,"column":0},"end":{"line":4,"column":24}},"4":{"start":{"line":5,"column":0},"end":{"line":5,"column":55}},"5":{"start":{"line":6,"column":0},"end":{"line":6,"column":39}},"6":{"start":{"line":7,"column":0},"end":{"line":7,"column":34}},"7":{"start":{"line":9,"column":20},"end":{"line":9,"column":51}},"8":{"start":{"line":11,"column":0},"end":{"line":13,"column":1}},"9":{"start":{"line":12,"column":2},"end":{"line":12,"column":53}},"10":{"start":{"line":15,"column":0},"end":{"line":23,"column":2}}},"fnMap":{},"branchMap":{"0":{"loc":{"start":{"line":11,"column":0},"end":{"line":13,"column":1}},"type":"if","locations":[{"start":{"line":11,"column":0},"end":{"line":13,"column":1}}]}},"s":{"0":0,"1":0,"2":0,"3":0,"4":0,"5":0,"6":0,"7":0,"8":0,"9":0,"10":0},"f":{},"b":{"0":[0]}}
,"/home/maks/Projects/rs-react-app/src/vite-env.d.ts": {"path":"/home/maks/Projects/rs-react-app/src/vite-env.d.ts","statementMap":{},"fnMap":{},"branchMap":{},"s":{},"f":{},"b":{}}
,"/home/maks/Projects/rs-react-app/src/components/ErrorBoundary.tsx": {"path":"/home/maks/Projects/rs-react-app/src/components/ErrorBoundary.tsx","statementMap":{"0":{"start":{"line":1,"column":0},"end":{"line":1,"column":56}},"1":{"start":{"line":18,"column":4},"end":{"line":18,"column":17}},"2":{"start":{"line":19,"column":4},"end":{"line":23,"column":6}},"3":{"start":{"line":27,"column":4},"end":{"line":27,"column":44}},"4":{"start":{"line":31,"column":4},"end":{"line":31,"column":58}},"5":{"start":{"line":35,"column":4},"end":{"line":46,"column":5}},"6":{"start":{"line":36,"column":6},"end":{"line":45,"column":8}},"7":{"start":{"line":48,"column":4},"end":{"line":48,"column":31}},"8":{"start":{"line":52,"column":0},"end":{"line":52,"column":29}}},"fnMap":{"0":{"name":"(anonymous_0)","decl":{"start":{"line":17,"column":2},"end":{"line":17,"column":14}},"loc":{"start":{"line":17,"column":40},"end":{"line":24,"column":3}}},"1":{"name":"(anonymous_1)","decl":{"start":{"line":26,"column":2},"end":{"line":26,"column":8}},"loc":{"start":{"line":26,"column":46},"end":{"line":28,"column":3}}},"2":{"name":"(anonymous_2)","decl":{"start":{"line":30,"column":2},"end":{"line":30,"column":19}},"loc":{"start":{"line":30,"column":54},"end":{"line":32,"column":3}}},"3":{"name":"(anonymous_3)","decl":{"start":{"line":34,"column":2},"end":{"line":34,"column":8}},"loc":{"start":{"line":34,"column":8},"end":{"line":49,"column":3}}}},"branchMap":{"0":{"loc":{"start":{"line":35,"column":4},"end":{"line":46,"column":5}},"type":"if","locations":[{"start":{"line":35,"column":4},"end":{"line":46,"column":5}}]}},"s":{"0":1,"1":3,"2":2,"3":2,"4":1,"5":5,"6":3,"7":2,"8":1},"f":{"0":3,"1":2,"2":1,"3":5},"b":{"0":[3]}}
,"/home/maks/Projects/rs-react-app/src/components/FirstTest.tsx": {"path":"/home/maks/Projects/rs-react-app/src/components/FirstTest.tsx","statementMap":{"0":{"start":{"line":1,"column":18},"end":{"line":7,"column":1}},"1":{"start":{"line":2,"column":2},"end":{"line":6,"column":4}},"2":{"start":{"line":8,"column":0},"end":{"line":8,"column":25}}},"fnMap":{"0":{"name":"(anonymous_0)","decl":{"start":{"line":1,"column":18},"end":{"line":1,"column":21}},"loc":{"start":{"line":1,"column":23},"end":{"line":7,"column":1}}}},"branchMap":{},"s":{"0":1,"1":1,"2":1},"f":{"0":1},"b":{}}
,"/home/maks/Projects/rs-react-app/src/components/Flyout.tsx": {"path":"/home/maks/Projects/rs-react-app/src/components/Flyout.tsx","statementMap":{"0":{"start":{"line":1,"column":0},"end":{"line":1,"column":39}},"1":{"start":{"line":2,"column":0},"end":{"line":2,"column":55}},"2":{"start":{"line":4,"column":0},"end":{"line":4,"column":55}},"3":{"start":{"line":6,"column":25},"end":{"line":46,"column":1}},"4":{"start":{"line":7,"column":24},"end":{"line":8,"column":null}},"5":{"start":{"line":8,"column":26},"end":{"line":8,"column":50}},"6":{"start":{"line":10,"column":19},"end":{"line":10,"column":45}},"7":{"start":{"line":12,"column":28},"end":{"line":14,"column":3}},"8":{"start":{"line":13,"column":4},"end":{"line":13,"column":28}},"9":{"start":{"line":16,"column":21},"end":{"line":31,"column":21}},"10":{"start":{"line":17,"column":4},"end":{"line":17,"column":48}},"11":{"start":{"line":17,"column":36},"end":{"line":17,"column":48}},"12":{"start":{"line":19,"column":19},"end":{"line":19,"column":43}},"13":{"start":{"line":20,"column":20},"end":{"line":20,"column":38}},"14":{"start":{"line":22,"column":4},"end":{"line":25,"column":7}},"15":{"start":{"line":23,"column":18},"end":{"line":23,"column":78}},"16":{"start":{"line":24,"column":6},"end":{"line":24,"column":34}},"17":{"start":{"line":27,"column":22},"end":{"line":27,"column":40}},"18":{"start":{"line":28,"column":17},"end":{"line":28,"column":60}},"19":{"start":{"line":30,"column":4},"end":{"line":30,"column":37}},"20":{"start":{"line":33,"column":2},"end":{"line":45,"column":4}},"21":{"start":{"line":48,"column":0},"end":{"line":48,"column":22}}},"fnMap":{"0":{"name":"(anonymous_0)","decl":{"start":{"line":6,"column":25},"end":{"line":6,"column":28}},"loc":{"start":{"line":6,"column":30},"end":{"line":46,"column":1}}},"1":{"name":"(anonymous_1)","decl":{"start":{"line":8,"column":4},"end":{"line":8,"column":5}},"loc":{"start":{"line":8,"column":26},"end":{"line":8,"column":50}}},"2":{"name":"(anonymous_2)","decl":{"start":{"line":12,"column":28},"end":{"line":12,"column":31}},"loc":{"start":{"line":12,"column":33},"end":{"line":14,"column":3}}},"3":{"name":"(anonymous_3)","decl":{"start":{"line":16,"column":29},"end":{"line":16,"column":32}},"loc":{"start":{"line":16,"column":34},"end":{"line":31,"column":3}}},"4":{"name":"(anonymous_4)","decl":{"start":{"line":22,"column":26},"end":{"line":22,"column":27}},"loc":{"start":{"line":22,"column":35},"end":{"line":25,"column":5}}}},"branchMap":{"0":{"loc":{"start":{"line":17,"column":4},"end":{"line":17,"column":48}},"type":"if","locations":[{"start":{"line":17,"column":4},"end":{"line":17,"column":48}}]},"1":{"loc":{"start":{"line":23,"column":41},"end":{"line":23,"column":57}},"type":"binary-expr","locations":[{"start":{"line":23,"column":41},"end":{"line":23,"column":51}},{"start":{"line":23,"column":55},"end":{"line":23,"column":57}}]},"2":{"loc":{"start":{"line":34,"column":23},"end":{"line":34,"column":71}},"type":"cond-expr","locations":[{"start":{"line":34,"column":52},"end":{"line":34,"column":60}},{"start":{"line":34,"column":63},"end":{"line":34,"column":71}}]},"3":{"loc":{"start":{"line":36,"column":36},"end":{"line":36,"column":67}},"type":"binary-expr","locations":[{"start":{"line":36,"column":36},"end":{"line":36,"column":60}},{"start":{"line":36,"column":64},"end":{"line":36,"column":67}}]},"4":{"loc":{"start":{"line":39,"column":7},"end":{"line":42,"column":null}},"type":"binary-expr","locations":[{"start":{"line":39,"column":7},"end":{"line":39,"column":17}},{"start":{"line":40,"column":8},"end":{"line":41,"column":null}}]}},"s":{"0":1,"1":1,"2":1,"3":1,"4":4,"5":8,"6":4,"7":4,"8":1,"9":4,"10":4,"11":1,"12":3,"13":3,"14":3,"15":6,"16":6,"17":3,"18":3,"19":3,"20":4,"21":1},"f":{"0":4,"1":8,"2":1,"3":4,"4":6},"b":{"0":[1],"1":[6,6],"2":[1,3],"3":[4,3],"4":[4,3]}}
,"/home/maks/Projects/rs-react-app/src/components/Item.tsx": {"path":"/home/maks/Projects/rs-react-app/src/components/Item.tsx","statementMap":{"0":{"start":{"line":2,"column":0},"end":{"line":2,"column":42}},"1":{"start":{"line":4,"column":0},"end":{"line":4,"column":42}},"2":{"start":{"line":5,"column":0},"end":{"line":5,"column":68}},"3":{"start":{"line":16,"column":36},"end":{"line":43,"column":1}},"4":{"start":{"line":17,"column":26},"end":{"line":17,"column":30}},"5":{"start":{"line":18,"column":24},"end":{"line":19,"column":null}},"6":{"start":{"line":19,"column":26},"end":{"line":19,"column":50}},"7":{"start":{"line":21,"column":19},"end":{"line":21,"column":70}},"8":{"start":{"line":21,"column":48},"end":{"line":21,"column":69}},"9":{"start":{"line":22,"column":19},"end":{"line":22,"column":45}},"10":{"start":{"line":24,"column":31},"end":{"line":30,"column":3}},"11":{"start":{"line":25,"column":4},"end":{"line":29,"column":5}},"12":{"start":{"line":26,"column":6},"end":{"line":26,"column":33}},"13":{"start":{"line":28,"column":6},"end":{"line":28,"column":35}},"14":{"start":{"line":32,"column":2},"end":{"line":42,"column":4}},"15":{"start":{"line":16,"column":13},"end":{"line":16,"column":36}},"16":{"start":{"line":45,"column":0},"end":{"line":45,"column":20}}},"fnMap":{"0":{"name":"(anonymous_0)","decl":{"start":{"line":16,"column":36},"end":{"line":16,"column":37}},"loc":{"start":{"line":16,"column":49},"end":{"line":43,"column":1}}},"1":{"name":"(anonymous_1)","decl":{"start":{"line":19,"column":4},"end":{"line":19,"column":5}},"loc":{"start":{"line":19,"column":26},"end":{"line":19,"column":50}}},"2":{"name":"(anonymous_2)","decl":{"start":{"line":21,"column":38},"end":{"line":21,"column":39}},"loc":{"start":{"line":21,"column":48},"end":{"line":21,"column":69}}},"3":{"name":"(anonymous_3)","decl":{"start":{"line":24,"column":31},"end":{"line":24,"column":32}},"loc":{"start":{"line":24,"column":74},"end":{"line":30,"column":3}}}},"branchMap":{"0":{"loc":{"start":{"line":25,"column":4},"end":{"line":29,"column":5}},"type":"if","locations":[{"start":{"line":25,"column":4},"end":{"line":29,"column":5}},{"start":{"line":27,"column":11},"end":{"line":29,"column":5}}]},"1":{"loc":{"start":{"line":40,"column":7},"end":{"line":40,"column":37}},"type":"binary-expr","locations":[{"start":{"line":40,"column":7},"end":{"line":40,"column":12}},{"start":{"line":40,"column":16},"end":{"line":40,"column":37}}]}},"s":{"0":3,"1":3,"2":3,"3":3,"4":6,"5":6,"6":12,"7":6,"8":1,"9":6,"10":6,"11":2,"12":1,"13":1,"14":6,"15":3,"16":3},"f":{"0":6,"1":12,"2":1,"3":2},"b":{"0":[1,1],"1":[6,4]}}
,"/home/maks/Projects/rs-react-app/src/components/ListItem.tsx": {"path":"/home/maks/Projects/rs-react-app/src/components/ListItem.tsx","statementMap":{"0":{"start":{"line":2,"column":0},"end":{"line":2,"column":26}},"1":{"start":{"line":3,"column":0},"end":{"line":3,"column":51}},"2":{"start":{"line":10,"column":44},"end":{"line":33,"column":1}},"3":{"start":{"line":11,"column":42},"end":{"line":11,"column":59}},"4":{"start":{"line":13,"column":26},"end":{"line":17,"column":3}},"5":{"start":{"line":14,"column":4},"end":{"line":14,"column":28}},"6":{"start":{"line":15,"column":4},"end":{"line":15,"column":36}},"7":{"start":{"line":16,"column":4},"end":{"line":16,"column":34}},"8":{"start":{"line":19,"column":2},"end":{"line":32,"column":4}},"9":{"start":{"line":23,"column":21},"end":{"line":23,"column":68}},"10":{"start":{"line":24,"column":10},"end":{"line":28,"column":12}},"11":{"start":{"line":25,"column":51},"end":{"line":25,"column":77}},"12":{"start":{"line":10,"column":13},"end":{"line":10,"column":44}},"13":{"start":{"line":35,"column":0},"end":{"line":35,"column":24}}},"fnMap":{"0":{"name":"(anonymous_1)","decl":{"start":{"line":10,"column":44},"end":{"line":10,"column":45}},"loc":{"start":{"line":10,"column":58},"end":{"line":33,"column":1}}},"1":{"name":"(anonymous_2)","decl":{"start":{"line":13,"column":26},"end":{"line":13,"column":27}},"loc":{"start":{"line":13,"column":66},"end":{"line":17,"column":3}}},"2":{"name":"(anonymous_3)","decl":{"start":{"line":22,"column":19},"end":{"line":22,"column":20}},"loc":{"start":{"line":22,"column":28},"end":{"line":29,"column":9}}},"3":{"name":"(anonymous_4)","decl":{"start":{"line":25,"column":40},"end":{"line":25,"column":41}},"loc":{"start":{"line":25,"column":51},"end":{"line":25,"column":77}}}},"branchMap":{"0":{"loc":{"start":{"line":23,"column":21},"end":{"line":23,"column":68}},"type":"binary-expr","locations":[{"start":{"line":23,"column":21},"end":{"line":23,"column":62}},{"start":{"line":23,"column":66},"end":{"line":23,"column":68}}]}},"s":{"0":2,"1":2,"2":2,"3":2,"4":2,"5":1,"6":1,"7":1,"8":2,"9":2,"10":2,"11":1,"12":2,"13":2},"f":{"0":2,"1":1,"2":2,"3":1},"b":{"0":[2,0]}}
,"/home/maks/Projects/rs-react-app/src/components/Pagination.tsx": {"path":"/home/maks/Projects/rs-react-app/src/components/Pagination.tsx","statementMap":{"0":{"start":{"line":9,"column":47},"end":{"line":33,"column":1}},"1":{"start":{"line":14,"column":2},"end":{"line":32,"column":4}},"2":{"start":{"line":18,"column":23},"end":{"line":18,"column":52}},"3":{"start":{"line":27,"column":23},"end":{"line":27,"column":52}},"4":{"start":{"line":9,"column":13},"end":{"line":9,"column":47}}},"fnMap":{"0":{"name":"(anonymous_0)","decl":{"start":{"line":9,"column":47},"end":{"line":9,"column":48}},"loc":{"start":{"line":13,"column":5},"end":{"line":33,"column":1}}},"1":{"name":"(anonymous_1)","decl":{"start":{"line":18,"column":17},"end":{"line":18,"column":20}},"loc":{"start":{"line":18,"column":23},"end":{"line":18,"column":52}}},"2":{"name":"(anonymous_2)","decl":{"start":{"line":27,"column":17},"end":{"line":27,"column":20}},"loc":{"start":{"line":27,"column":23},"end":{"line":27,"column":52}}}},"branchMap":{},"s":{"0":1,"1":4,"2":1,"3":1,"4":1},"f":{"0":4,"1":1,"2":1},"b":{}}
,"/home/maks/Projects/rs-react-app/src/components/Search.tsx": {"path":"/home/maks/Projects/rs-react-app/src/components/Search.tsx","statementMap":{"0":{"start":{"line":1,"column":0},"end":{"line":1,"column":40}},"1":{"start":{"line":8,"column":39},"end":{"line":38,"column":1}},"2":{"start":{"line":9,"column":38},"end":{"line":9,"column":58}},"3":{"start":{"line":11,"column":23},"end":{"line":13,"column":3}},"4":{"start":{"line":12,"column":4},"end":{"line":12,"column":38}},"5":{"start":{"line":15,"column":28},"end":{"line":18,"column":3}},"6":{"start":{"line":16,"column":25},"end":{"line":16,"column":42}},"7":{"start":{"line":17,"column":4},"end":{"line":17,"column":31}},"8":{"start":{"line":20,"column":24},"end":{"line":24,"column":3}},"9":{"start":{"line":21,"column":4},"end":{"line":23,"column":5}},"10":{"start":{"line":22,"column":6},"end":{"line":22,"column":26}},"11":{"start":{"line":26,"column":2},"end":{"line":37,"column":4}},"12":{"start":{"line":40,"column":0},"end":{"line":40,"column":22}}},"fnMap":{"0":{"name":"(anonymous_0)","decl":{"start":{"line":8,"column":39},"end":{"line":8,"column":40}},"loc":{"start":{"line":8,"column":72},"end":{"line":38,"column":1}}},"1":{"name":"(anonymous_1)","decl":{"start":{"line":11,"column":23},"end":{"line":11,"column":24}},"loc":{"start":{"line":11,"column":70},"end":{"line":13,"column":3}}},"2":{"name":"(anonymous_2)","decl":{"start":{"line":15,"column":28},"end":{"line":15,"column":31}},"loc":{"start":{"line":15,"column":33},"end":{"line":18,"column":3}}},"3":{"name":"(anonymous_3)","decl":{"start":{"line":20,"column":24},"end":{"line":20,"column":25}},"loc":{"start":{"line":20,"column":73},"end":{"line":24,"column":3}}}},"branchMap":{"0":{"loc":{"start":{"line":21,"column":4},"end":{"line":23,"column":5}},"type":"if","locations":[{"start":{"line":21,"column":4},"end":{"line":23,"column":5}}]}},"s":{"0":1,"1":1,"2":5,"3":5,"4":2,"5":5,"6":2,"7":2,"8":5,"9":1,"10":1,"11":5,"12":1},"f":{"0":5,"1":2,"2":2,"3":1},"b":{"0":[1]}}
,"/home/maks/Projects/rs-react-app/src/components/ThemeSelector.tsx": {"path":"/home/maks/Projects/rs-react-app/src/components/ThemeSelector.tsx","statementMap":{"0":{"start":{"line":2,"column":0},"end":{"line":2,"column":52}},"1":{"start":{"line":5,"column":32},"end":{"line":21,"column":1}},"2":{"start":{"line":6,"column":30},"end":{"line":6,"column":40}},"3":{"start":{"line":8,"column":28},"end":{"line":10,"column":3}},"4":{"start":{"line":9,"column":4},"end":{"line":9,"column":42}},"5":{"start":{"line":12,"column":2},"end":{"line":20,"column":4}},"6":{"start":{"line":23,"column":0},"end":{"line":23,"column":29}}},"fnMap":{"0":{"name":"(anonymous_0)","decl":{"start":{"line":5,"column":32},"end":{"line":5,"column":35}},"loc":{"start":{"line":5,"column":37},"end":{"line":21,"column":1}}},"1":{"name":"(anonymous_1)","decl":{"start":{"line":8,"column":28},"end":{"line":8,"column":29}},"loc":{"start":{"line":8,"column":76},"end":{"line":10,"column":3}}}},"branchMap":{},"s":{"0":1,"1":1,"2":3,"3":3,"4":1,"5":3,"6":1},"f":{"0":3,"1":1},"b":{}}
,"/home/maks/Projects/rs-react-app/src/context/ThemeProvider.tsx": {"path":"/home/maks/Projects/rs-react-app/src/context/ThemeProvider.tsx","statementMap":{"0":{"start":{"line":1,"column":0},"end":{"line":1,"column":41}},"1":{"start":{"line":2,"column":0},"end":{"line":2,"column":47}},"2":{"start":{"line":5,"column":64},"end":{"line":15,"column":1}},"3":{"start":{"line":8,"column":28},"end":{"line":8,"column":58}},"4":{"start":{"line":10,"column":2},"end":{"line":14,"column":4}},"5":{"start":{"line":5,"column":13},"end":{"line":5,"column":64}}},"fnMap":{"0":{"name":"(anonymous_1)","decl":{"start":{"line":5,"column":64},"end":{"line":5,"column":65}},"loc":{"start":{"line":7,"column":5},"end":{"line":15,"column":1}}}},"branchMap":{},"s":{"0":1,"1":1,"2":1,"3":5,"4":5,"5":1},"f":{"0":5},"b":{}}
,"/home/maks/Projects/rs-react-app/src/context/theme-context.ts": {"path":"/home/maks/Projects/rs-react-app/src/context/theme-context.ts","statementMap":{"0":{"start":{"line":1,"column":0},"end":{"line":1,"column":50}},"1":{"start":{"line":10,"column":13},"end":{"line":12,"column":2}},"2":{"start":{"line":14,"column":24},"end":{"line":18,"column":1}},"3":{"start":{"line":15,"column":18},"end":{"line":15,"column":42}},"4":{"start":{"line":16,"column":2},"end":{"line":16,"column":80}},"5":{"start":{"line":16,"column":16},"end":{"line":16,"column":80}},"6":{"start":{"line":17,"column":2},"end":{"line":17,"column":17}},"7":{"start":{"line":14,"column":13},"end":{"line":14,"column":24}}},"fnMap":{"0":{"name":"(anonymous_0)","decl":{"start":{"line":14,"column":24},"end":{"line":14,"column":27}},"loc":{"start":{"line":14,"column":29},"end":{"line":18,"column":1}}}},"branchMap":{"0":{"loc":{"start":{"line":16,"column":2},"end":{"line":16,"column":80}},"type":"if","locations":[{"start":{"line":16,"column":2},"end":{"line":16,"column":80}}]}},"s":{"0":1,"1":1,"2":1,"3":10,"4":9,"5":4,"6":5,"7":1},"f":{"0":10},"b":{"0":[4]}}
,"/home/maks/Projects/rs-react-app/src/pages/DetailItemPage.tsx": {"path":"/home/maks/Projects/rs-react-app/src/pages/DetailItemPage.tsx","statementMap":{"0":{"start":{"line":2,"column":0},"end":{"line":2,"column":58}},"1":{"start":{"line":3,"column":0},"end":{"line":3,"column":62}},"2":{"start":{"line":4,"column":34},"end":{"line":30,"column":1}},"3":{"start":{"line":5,"column":17},"end":{"line":5,"column":28}},"4":{"start":{"line":6,"column":19},"end":{"line":6,"column":32}},"5":{"start":{"line":12,"column":6},"end":{"line":14,"column":null}},"6":{"start":{"line":17,"column":2},"end":{"line":17,"column":46}},"7":{"start":{"line":17,"column":17},"end":{"line":17,"column":46}},"8":{"start":{"line":18,"column":2},"end":{"line":18,"column":70}},"9":{"start":{"line":18,"column":13},"end":{"line":18,"column":70}},"10":{"start":{"line":19,"column":2},"end":{"line":19,"column":46}},"11":{"start":{"line":19,"column":13},"end":{"line":19,"column":46}},"12":{"start":{"line":21,"column":2},"end":{"line":29,"column":4}},"13":{"start":{"line":23,"column":54},"end":{"line":23,"column":67}},"14":{"start":{"line":4,"column":13},"end":{"line":4,"column":34}},"15":{"start":{"line":32,"column":0},"end":{"line":32,"column":30}}},"fnMap":{"0":{"name":"(anonymous_0)","decl":{"start":{"line":4,"column":34},"end":{"line":4,"column":37}},"loc":{"start":{"line":4,"column":39},"end":{"line":30,"column":1}}},"1":{"name":"(anonymous_1)","decl":{"start":{"line":23,"column":48},"end":{"line":23,"column":51}},"loc":{"start":{"line":23,"column":54},"end":{"line":23,"column":67}}}},"branchMap":{"0":{"loc":{"start":{"line":17,"column":2},"end":{"line":17,"column":46}},"type":"if","locations":[{"start":{"line":17,"column":2},"end":{"line":17,"column":46}}]},"1":{"loc":{"start":{"line":18,"column":2},"end":{"line":18,"column":70}},"type":"if","locations":[{"start":{"line":18,"column":2},"end":{"line":18,"column":70}}]},"2":{"loc":{"start":{"line":19,"column":2},"end":{"line":19,"column":46}},"type":"if","locations":[{"start":{"line":19,"column":2},"end":{"line":19,"column":46}}]}},"s":{"0":1,"1":1,"2":1,"3":3,"4":3,"5":3,"6":3,"7":0,"8":3,"9":1,"10":2,"11":0,"12":2,"13":1,"14":1,"15":1},"f":{"0":3,"1":1},"b":{"0":[0],"1":[1],"2":[0]}}
,"/home/maks/Projects/rs-react-app/src/pages/MainPage.tsx": {"path":"/home/maks/Projects/rs-react-app/src/pages/MainPage.tsx","statementMap":{"0":{"start":{"line":1,"column":0},"end":{"line":1,"column":48}},"1":{"start":{"line":2,"column":0},"end":{"line":2,"column":42}},"2":{"start":{"line":3,"column":0},"end":{"line":3,"column":46}},"3":{"start":{"line":4,"column":0},"end":{"line":4,"column":72}},"4":{"start":{"line":5,"column":0},"end":{"line":5,"column":54}},"5":{"start":{"line":6,"column":0},"end":{"line":6,"column":42}},"6":{"start":{"line":7,"column":0},"end":{"line":7,"column":54}},"7":{"start":{"line":9,"column":28},"end":{"line":67,"column":1}},"8":{"start":{"line":10,"column":42},"end":{"line":10,"column":59}},"9":{"start":{"line":11,"column":19},"end":{"line":11,"column":32}},"10":{"start":{"line":13,"column":38},"end":{"line":13,"column":58}},"11":{"start":{"line":14,"column":18},"end":{"line":14,"column":45}},"12":{"start":{"line":15,"column":22},"end":{"line":15,"column":59}},"13":{"start":{"line":17,"column":37},"end":{"line":21,"column":4}},"14":{"start":{"line":23,"column":2},"end":{"line":27,"column":26}},"15":{"start":{"line":24,"column":4},"end":{"line":26,"column":5}},"16":{"start":{"line":25,"column":6},"end":{"line":25,"column":56}},"17":{"start":{"line":29,"column":27},"end":{"line":32,"column":3}},"18":{"start":{"line":30,"column":4},"end":{"line":30,"column":49}},"19":{"start":{"line":31,"column":4},"end":{"line":31,"column":34}},"20":{"start":{"line":34,"column":23},"end":{"line":39,"column":3}},"21":{"start":{"line":35,"column":4},"end":{"line":35,"column":33}},"22":{"start":{"line":36,"column":4},"end":{"line":36,"column":46}},"23":{"start":{"line":37,"column":4},"end":{"line":37,"column":34}},"24":{"start":{"line":38,"column":4},"end":{"line":38,"column":34}},"25":{"start":{"line":41,"column":21},"end":{"line":41,"column":58}},"26":{"start":{"line":43,"column":2},"end":{"line":66,"column":4}},"27":{"start":{"line":9,"column":13},"end":{"line":9,"column":28}},"28":{"start":{"line":69,"column":0},"end":{"line":69,"column":24}}},"fnMap":{"0":{"name":"(anonymous_1)","decl":{"start":{"line":9,"column":28},"end":{"line":9,"column":31}},"loc":{"start":{"line":9,"column":33},"end":{"line":67,"column":1}}},"1":{"name":"(anonymous_2)","decl":{"start":{"line":23,"column":12},"end":{"line":23,"column":15}},"loc":{"start":{"line":23,"column":17},"end":{"line":27,"column":3}}},"2":{"name":"(anonymous_3)","decl":{"start":{"line":29,"column":27},"end":{"line":29,"column":28}},"loc":{"start":{"line":29,"column":47},"end":{"line":32,"column":3}}},"3":{"name":"(anonymous_4)","decl":{"start":{"line":34,"column":23},"end":{"line":34,"column":24}},"loc":{"start":{"line":34,"column":55},"end":{"line":39,"column":3}}}},"branchMap":{"0":{"loc":{"start":{"line":15,"column":22},"end":{"line":15,"column":59}},"type":"binary-expr","locations":[{"start":{"line":15,"column":22},"end":{"line":15,"column":54}},{"start":{"line":15,"column":58},"end":{"line":15,"column":59}}]},"1":{"loc":{"start":{"line":24,"column":4},"end":{"line":26,"column":5}},"type":"if","locations":[{"start":{"line":24,"column":4},"end":{"line":26,"column":5}}]},"2":{"loc":{"start":{"line":41,"column":21},"end":{"line":41,"column":58}},"type":"cond-expr","locations":[{"start":{"line":41,"column":28},"end":{"line":41,"column":54}},{"start":{"line":41,"column":57},"end":{"line":41,"column":58}}]},"3":{"loc":{"start":{"line":49,"column":9},"end":{"line":49,"column":43}},"type":"binary-expr","locations":[{"start":{"line":49,"column":9},"end":{"line":49,"column":18}},{"start":{"line":49,"column":22},"end":{"line":49,"column":43}}]},"4":{"loc":{"start":{"line":50,"column":9},"end":{"line":50,"column":66}},"type":"binary-expr","locations":[{"start":{"line":50,"column":9},"end":{"line":50,"column":14}},{"start":{"line":50,"column":18},"end":{"line":50,"column":66}}]},"5":{"loc":{"start":{"line":51,"column":9},"end":{"line":51,"column":66}},"type":"binary-expr","locations":[{"start":{"line":51,"column":9},"end":{"line":51,"column":13}},{"start":{"line":51,"column":17},"end":{"line":51,"column":29}},{"start":{"line":51,"column":33},"end":{"line":51,"column":66}}]},"6":{"loc":{"start":{"line":52,"column":9},"end":{"line":57,"column":null}},"type":"binary-expr","locations":[{"start":{"line":52,"column":9},"end":{"line":52,"column":23}},{"start":{"line":53,"column":10},"end":{"line":56,"column":null}}]}},"s":{"0":1,"1":1,"2":1,"3":1,"4":1,"5":1,"6":1,"7":1,"8":10,"9":10,"10":10,"11":10,"12":10,"13":10,"14":10,"15":3,"16":1,"17":10,"18":1,"19":1,"20":10,"21":1,"22":1,"23":1,"24":1,"25":10,"26":10,"27":1,"28":1},"f":{"0":10,"1":3,"2":1,"3":1},"b":{"0":[10,4],"1":[1],"2":[1,9],"3":[10,9],"4":[10,0],"5":[10,1,1],"6":[10,1]}}
,"/home/maks/Projects/rs-react-app/src/pages/NotFoundPage.tsx": {"path":"/home/maks/Projects/rs-react-app/src/pages/NotFoundPage.tsx","statementMap":{"0":{"start":{"line":2,"column":0},"end":{"line":2,"column":40}},"1":{"start":{"line":4,"column":25},"end":{"line":12,"column":1}},"2":{"start":{"line":5,"column":2},"end":{"line":11,"column":4}},"3":{"start":{"line":14,"column":0},"end":{"line":14,"column":28}}},"fnMap":{"0":{"name":"(anonymous_0)","decl":{"start":{"line":4,"column":25},"end":{"line":4,"column":28}},"loc":{"start":{"line":4,"column":30},"end":{"line":12,"column":1}}}},"branchMap":{},"s":{"0":1,"1":1,"2":1,"3":1},"f":{"0":1},"b":{}}
,"/home/maks/Projects/rs-react-app/src/redux/apiSlice.ts": {"path":"/home/maks/Projects/rs-react-app/src/redux/apiSlice.ts","statementMap":{"0":{"start":{"line":1,"column":0},"end":{"line":1,"column":73}},"1":{"start":{"line":2,"column":0},"end":{"line":2,"column":42}},"2":{"start":{"line":4,"column":0},"end":{"line":4,"column":45}},"3":{"start":{"line":13,"column":13},"end":{"line":45,"column":3}},"4":{"start":{"line":16,"column":27},"end":{"line":44,"column":4}},"5":{"start":{"line":22,"column":20},"end":{"line":22,"column":39}},"6":{"start":{"line":23,"column":8},"end":{"line":25,"column":9}},"7":{"start":{"line":24,"column":10},"end":{"line":24,"column":73}},"8":{"start":{"line":26,"column":22},"end":{"line":26,"column":25}},"9":{"start":{"line":27,"column":8},"end":{"line":31,"column":9}},"10":{"start":{"line":28,"column":10},"end":{"line":28,"column":78}},"11":{"start":{"line":30,"column":10},"end":{"line":30,"column":37}},"12":{"start":{"line":32,"column":8},"end":{"line":32,"column":23}},"13":{"start":{"line":37,"column":24},"end":{"line":37,"column":43}},"14":{"start":{"line":38,"column":8},"end":{"line":40,"column":9}},"15":{"start":{"line":39,"column":10},"end":{"line":39,"column":58}},"16":{"start":{"line":41,"column":8},"end":{"line":41,"column":34}},"17":{"start":{"line":47,"column":15},"end":{"line":47,"column":68}}},"fnMap":{"0":{"name":"(anonymous_1)","decl":{"start":{"line":16,"column":13},"end":{"line":16,"column":14}},"loc":{"start":{"line":16,"column":27},"end":{"line":44,"column":4}}},"1":{"name":"(anonymous_2)","decl":{"start":{"line":21,"column":13},"end":{"line":21,"column":14}},"loc":{"start":{"line":21,"column":52},"end":{"line":33,"column":7}}},"2":{"name":"(anonymous_3)","decl":{"start":{"line":36,"column":13},"end":{"line":36,"column":14}},"loc":{"start":{"line":36,"column":34},"end":{"line":42,"column":7}}}},"branchMap":{"0":{"loc":{"start":{"line":21,"column":38},"end":{"line":21,"column":46}},"type":"default-arg","locations":[{"start":{"line":21,"column":45},"end":{"line":21,"column":46}}]},"1":{"loc":{"start":{"line":23,"column":8},"end":{"line":25,"column":9}},"type":"if","locations":[{"start":{"line":23,"column":8},"end":{"line":25,"column":9}}]},"2":{"loc":{"start":{"line":27,"column":8},"end":{"line":31,"column":9}},"type":"if","locations":[{"start":{"line":27,"column":8},"end":{"line":31,"column":9}},{"start":{"line":29,"column":15},"end":{"line":31,"column":9}}]},"3":{"loc":{"start":{"line":38,"column":8},"end":{"line":40,"column":9}},"type":"if","locations":[{"start":{"line":38,"column":8},"end":{"line":40,"column":9}}]}},"s":{"0":4,"1":4,"2":4,"3":4,"4":4,"5":6,"6":6,"7":0,"8":6,"9":6,"10":3,"11":3,"12":6,"13":1,"14":1,"15":0,"16":1,"17":4},"f":{"0":4,"1":6,"2":1},"b":{"0":[0],"1":[0],"2":[3,3],"3":[0]}}
,"/home/maks/Projects/rs-react-app/src/redux/selectItemSlice.ts": {"path":"/home/maks/Projects/rs-react-app/src/redux/selectItemSlice.ts","statementMap":{"0":{"start":{"line":1,"column":0},"end":{"line":1,"column":62}},"1":{"start":{"line":8,"column":40},"end":{"line":10,"column":2}},"2":{"start":{"line":12,"column":26},"end":{"line":32,"column":2}},"3":{"start":{"line":17,"column":6},"end":{"line":19,"column":7}},"4":{"start":{"line":17,"column":38},"end":{"line":17,"column":69}},"5":{"start":{"line":18,"column":8},"end":{"line":18,"column":41}},"6":{"start":{"line":22,"column":6},"end":{"line":26,"column":7}},"7":{"start":{"line":22,"column":37},"end":{"line":22,"column":68}},"8":{"start":{"line":23,"column":8},"end":{"line":25,"column":10}},"9":{"start":{"line":24,"column":20},"end":{"line":24,"column":51}},"10":{"start":{"line":29,"column":6},"end":{"line":29,"column":23}},"11":{"start":{"line":34,"column":13},"end":{"line":34,"column":null}},"12":{"start":{"line":36,"column":0},"end":{"line":36,"column":41}}},"fnMap":{"0":{"name":"(anonymous_0)","decl":{"start":{"line":16,"column":4},"end":{"line":16,"column":14}},"loc":{"start":{"line":16,"column":50},"end":{"line":20,"column":5}}},"1":{"name":"(anonymous_1)","decl":{"start":{"line":17,"column":28},"end":{"line":17,"column":29}},"loc":{"start":{"line":17,"column":38},"end":{"line":17,"column":69}}},"2":{"name":"(anonymous_2)","decl":{"start":{"line":21,"column":4},"end":{"line":21,"column":16}},"loc":{"start":{"line":21,"column":52},"end":{"line":27,"column":5}}},"3":{"name":"(anonymous_3)","decl":{"start":{"line":22,"column":27},"end":{"line":22,"column":28}},"loc":{"start":{"line":22,"column":37},"end":{"line":22,"column":68}}},"4":{"name":"(anonymous_4)","decl":{"start":{"line":24,"column":10},"end":{"line":24,"column":11}},"loc":{"start":{"line":24,"column":20},"end":{"line":24,"column":51}}},"5":{"name":"(anonymous_5)","decl":{"start":{"line":28,"column":4},"end":{"line":28,"column":15}},"loc":{"start":{"line":28,"column":21},"end":{"line":30,"column":5}}}},"branchMap":{"0":{"loc":{"start":{"line":17,"column":6},"end":{"line":19,"column":7}},"type":"if","locations":[{"start":{"line":17,"column":6},"end":{"line":19,"column":7}}]},"1":{"loc":{"start":{"line":22,"column":6},"end":{"line":26,"column":7}},"type":"if","locations":[{"start":{"line":22,"column":6},"end":{"line":26,"column":7}}]}},"s":{"0":7,"1":7,"2":7,"3":12,"4":4,"5":11,"6":3,"7":3,"8":3,"9":4,"10":7,"11":7,"12":7},"f":{"0":12,"1":4,"2":3,"3":3,"4":4,"5":7},"b":{"0":[11],"1":[3]}}
,"/home/maks/Projects/rs-react-app/src/redux/store.ts": {"path":"/home/maks/Projects/rs-react-app/src/redux/store.ts","statementMap":{"0":{"start":{"line":1,"column":0},"end":{"line":1,"column":50}},"1":{"start":{"line":2,"column":0},"end":{"line":2,"column":52}},"2":{"start":{"line":3,"column":0},"end":{"line":3,"column":33}},"3":{"start":{"line":5,"column":14},"end":{"line":12,"column":2}},"4":{"start":{"line":11,"column":4},"end":{"line":11,"column":49}},"5":{"start":{"line":16,"column":0},"end":{"line":16,"column":21}}},"fnMap":{"0":{"name":"(anonymous_1)","decl":{"start":{"line":10,"column":14},"end":{"line":10,"column":15}},"loc":{"start":{"line":11,"column":4},"end":{"line":11,"column":49}}}},"branchMap":{},"s":{"0":1,"1":1,"2":1,"3":1,"4":1,"5":1},"f":{"0":1},"b":{}}
,"/home/maks/Projects/rs-react-app/src/utils/endpoint.ts": {"path":"/home/maks/Projects/rs-react-app/src/utils/endpoint.ts","statementMap":{"0":{"start":{"line":1,"column":13},"end":{"line":1,"column":49}},"1":{"start":{"line":3,"column":42},"end":{"line":10,"column":2}},"2":{"start":{"line":11,"column":0},"end":{"line":11,"column":25}}},"fnMap":{},"branchMap":{},"s":{"0":4,"1":4,"2":4},"f":{},"b":{}}
}
