TN:
SF:src/main.tsx
FNF:0
FNH:0
DA:1,0
DA:2,0
DA:3,0
DA:4,0
DA:5,0
DA:6,0
DA:7,0
DA:9,0
DA:11,0
DA:12,0
DA:15,0
LF:11
LH:0
BRDA:11,0,0,0
BRF:1
BRH:0
end_of_record
TN:
SF:src/vite-env.d.ts
FNF:0
FNH:0
LF:0
LH:0
BRF:0
BRH:0
end_of_record
TN:
SF:src/components/ErrorBoundary.tsx
FN:17,(anonymous_0)
FN:26,(anonymous_1)
FN:30,(anonymous_2)
FN:34,(anonymous_3)
FNF:4
FNH:4
FNDA:3,(anonymous_0)
FNDA:2,(anonymous_1)
FNDA:1,(anonymous_2)
FNDA:5,(anonymous_3)
DA:1,1
DA:18,3
DA:19,2
DA:27,2
DA:31,1
DA:35,5
DA:36,3
DA:48,2
DA:52,1
LF:9
LH:9
BRDA:35,0,0,3
BRF:1
BRH:1
end_of_record
TN:
SF:src/components/FirstTest.tsx
FN:1,(anonymous_0)
FNF:1
FNH:1
FNDA:1,(anonymous_0)
DA:1,1
DA:2,1
DA:8,1
LF:3
LH:3
BRF:0
BRH:0
end_of_record
TN:
SF:src/components/Flyout.tsx
FN:6,(anonymous_0)
FN:7,(anonymous_1)
FN:10,(anonymous_2)
FN:14,(anonymous_3)
FN:20,(anonymous_4)
FNF:5
FNH:5
FNDA:13,(anonymous_0)
FNDA:20,(anonymous_1)
FNDA:1,(anonymous_2)
FNDA:7,(anonymous_3)
FNDA:6,(anonymous_4)
DA:1,2
DA:2,2
DA:4,2
DA:6,2
DA:7,20
DA:8,13
DA:10,13
DA:11,1
DA:14,13
DA:15,7
DA:17,3
DA:18,3
DA:20,3
DA:21,6
DA:22,6
DA:25,3
DA:26,3
DA:28,3
DA:31,13
DA:44,2
LF:20
LH:20
BRDA:15,0,0,4
BRDA:21,1,0,6
BRDA:21,1,1,6
BRDA:32,2,0,10
BRDA:32,2,1,3
BRDA:33,3,0,13
BRDA:33,3,1,3
BRDA:35,4,0,13
BRDA:35,4,1,3
BRF:9
BRH:9
end_of_record
TN:
SF:src/components/Item.tsx
FN:16,(anonymous_0)
FN:18,(anonymous_1)
FN:19,(anonymous_2)
FN:22,(anonymous_3)
FNF:4
FNH:4
FNDA:7,(anonymous_0)
FNDA:14,(anonymous_1)
FNDA:1,(anonymous_2)
FNDA:2,(anonymous_3)
DA:2,3
DA:5,3
DA:6,3
DA:16,3
DA:17,7
DA:18,14
DA:19,7
DA:20,7
DA:22,7
DA:23,2
DA:24,1
DA:26,1
DA:30,7
DA:43,3
LF:14
LH:14
BRDA:23,0,0,1
BRDA:23,0,1,1
BRDA:38,1,0,7
BRDA:38,1,1,4
BRF:4
BRH:4
end_of_record
TN:
SF:src/components/ListItem.tsx
FN:10,(anonymous_1)
FN:13,(anonymous_2)
FN:22,(anonymous_3)
FN:25,(anonymous_4)
FNF:4
FNH:4
FNDA:10,(anonymous_1)
FNDA:1,(anonymous_2)
FNDA:3,(anonymous_3)
FNDA:1,(anonymous_4)
DA:2,2
DA:4,2
DA:10,2
DA:11,10
DA:13,10
DA:14,1
DA:15,1
DA:16,1
DA:19,10
DA:23,3
DA:24,3
DA:25,1
DA:35,2
LF:13
LH:13
BRDA:23,0,0,3
BRDA:23,0,1,0
BRF:2
BRH:1
end_of_record
TN:
SF:src/components/Pagination.tsx
FN:9,(anonymous_0)
FN:18,(anonymous_1)
FN:27,(anonymous_2)
FNF:3
FNH:3
FNDA:4,(anonymous_0)
FNDA:1,(anonymous_1)
FNDA:1,(anonymous_2)
DA:9,2
DA:14,4
DA:18,1
DA:27,1
LF:4
LH:4
BRF:0
BRH:0
end_of_record
TN:
SF:src/components/Search.tsx
FN:8,(anonymous_0)
FN:11,(anonymous_1)
FN:15,(anonymous_2)
FN:20,(anonymous_3)
FNF:4
FNH:4
FNDA:14,(anonymous_0)
FNDA:2,(anonymous_1)
FNDA:2,(anonymous_2)
FNDA:1,(anonymous_3)
DA:1,2
DA:8,2
DA:9,14
DA:11,14
DA:12,2
DA:15,14
DA:16,2
DA:17,2
DA:20,14
DA:21,1
DA:22,1
DA:26,14
DA:40,2
LF:13
LH:13
BRDA:21,0,0,1
BRF:1
BRH:1
end_of_record
TN:
SF:src/components/ThemeSelector.tsx
FN:4,(anonymous_0)
FN:7,(anonymous_1)
FNF:2
FNH:2
FNDA:3,(anonymous_0)
FNDA:1,(anonymous_1)
DA:2,1
DA:4,1
DA:5,3
DA:7,3
DA:8,1
DA:9,1
DA:12,3
DA:23,1
LF:8
LH:8
BRF:0
BRH:0
end_of_record
TN:
SF:src/pages/DetailItemPage.tsx
FN:5,(anonymous_0)
FN:11,(anonymous_1)
FN:12,(anonymous_2)
FN:29,(anonymous_3)
FNF:4
FNH:4
FNDA:6,(anonymous_0)
FNDA:3,(anonymous_1)
FNDA:3,(anonymous_2)
FNDA:1,(anonymous_3)
DA:1,1
DA:2,1
DA:3,1
DA:5,1
DA:6,6
DA:7,6
DA:8,6
DA:9,6
DA:11,6
DA:12,3
DA:13,3
DA:14,3
DA:15,3
DA:16,2
DA:18,1
DA:21,3
DA:24,6
DA:25,5
DA:27,2
DA:29,1
DA:38,1
LF:21
LH:21
BRDA:14,0,0,0
BRDA:24,1,0,1
BRDA:25,2,0,3
BRF:3
BRH:2
end_of_record
TN:
SF:src/pages/MainPage.tsx
FN:9,(anonymous_1)
FN:23,(anonymous_2)
FN:24,(anonymous_3)
FN:45,(anonymous_4)
FN:51,(anonymous_5)
FN:56,(anonymous_6)
FNF:6
FNH:4
FNDA:9,(anonymous_1)
FNDA:3,(anonymous_2)
FNDA:3,(anonymous_3)
FNDA:3,(anonymous_4)
FNDA:0,(anonymous_5)
FNDA:0,(anonymous_6)
DA:1,1
DA:2,1
DA:4,1
DA:5,1
DA:6,1
DA:7,1
DA:8,1
DA:9,1
DA:10,9
DA:11,9
DA:13,9
DA:14,9
DA:15,9
DA:16,9
DA:18,9
DA:20,9
DA:21,9
DA:23,9
DA:24,3
DA:25,3
DA:26,3
DA:27,3
DA:28,2
DA:29,2
DA:30,2
DA:31,0
DA:33,2
DA:36,1
DA:38,3
DA:42,3
DA:45,9
DA:46,3
DA:47,0
DA:51,9
DA:52,0
DA:53,0
DA:56,9
DA:57,0
DA:58,0
DA:59,0
DA:60,0
DA:63,9
DA:65,9
DA:91,1
LF:44
LH:36
BRDA:21,0,0,9
BRDA:21,0,1,6
BRDA:30,1,0,0
BRDA:30,1,1,2
BRDA:30,2,0,2
BRDA:30,2,1,2
BRDA:46,3,0,0
BRDA:71,4,0,9
BRDA:71,4,1,3
BRDA:72,5,0,9
BRDA:72,5,1,1
BRDA:74,6,0,9
BRDA:74,6,1,0
BRF:13
BRH:10
end_of_record
TN:
SF:src/pages/NotFoundPage.tsx
FN:4,(anonymous_0)
FNF:1
FNH:1
FNDA:1,(anonymous_0)
DA:2,1
DA:4,1
DA:5,1
DA:14,1
LF:4
LH:4
BRF:0
BRH:0
end_of_record
TN:
SF:src/redux/selectItemSlice.ts
FN:17,(anonymous_0)
FN:18,(anonymous_1)
FN:22,(anonymous_2)
FN:23,(anonymous_3)
FN:24,(anonymous_4)
FN:27,(anonymous_5)
FNF:6
FNH:6
FNDA:5,(anonymous_0)
FNDA:1,(anonymous_1)
FNDA:2,(anonymous_2)
FNDA:2,(anonymous_3)
FNDA:2,(anonymous_4)
FNDA:2,(anonymous_5)
DA:1,5
DA:9,5
DA:13,5
DA:18,5
DA:19,5
DA:23,2
DA:24,2
DA:28,2
DA:34,5
DA:35,5
LF:10
LH:10
BRDA:18,0,0,5
BRDA:23,1,0,2
BRF:2
BRH:2
end_of_record
TN:
SF:src/redux/store.ts
FNF:0
FNH:0
DA:1,0
DA:2,0
DA:4,0
DA:12,0
LF:4
LH:0
BRF:0
BRH:0
end_of_record
TN:
SF:src/utils/api.ts
FN:16,(anonymous_1)
FN:49,(anonymous_2)
FNF:2
FNH:2
FNDA:5,(anonymous_1)
FNDA:4,(anonymous_2)
DA:1,2
DA:16,2
DA:21,5
DA:22,5
DA:23,1
DA:26,4
DA:27,4
DA:28,4
DA:29,1
DA:31,3
DA:34,4
DA:35,3
DA:36,1
DA:37,1
DA:42,2
DA:43,2
DA:45,2
DA:49,2
DA:50,4
DA:51,4
DA:52,1
DA:54,3
DA:55,3
DA:56,3
DA:57,2
DA:58,1
DA:59,1
DA:63,1
DA:64,1
DA:66,2
LF:30
LH:30
BRDA:19,0,0,0
BRDA:22,1,0,1
BRDA:28,2,0,1
BRDA:28,2,1,3
BRDA:35,3,0,1
BRDA:51,4,0,1
BRDA:57,5,0,1
BRF:7
BRH:6
end_of_record
TN:
SF:src/utils/endpoint.ts
FNF:0
FNH:0
DA:1,2
DA:3,2
DA:11,2
LF:3
LH:3
BRF:0
BRH:0
end_of_record
