TN:
SF:src/main.tsx
FNF:0
FNH:0
DA:1,0
DA:2,0
DA:3,0
DA:4,0
DA:5,0
DA:6,0
DA:7,0
DA:9,0
DA:11,0
DA:12,0
DA:15,0
LF:11
LH:0
BRDA:11,0,0,0
BRF:1
BRH:0
end_of_record
TN:
SF:src/vite-env.d.ts
FNF:0
FNH:0
LF:0
LH:0
BRF:0
BRH:0
end_of_record
TN:
SF:src/components/ErrorBoundary.tsx
FN:17,(anonymous_0)
FN:26,(anonymous_1)
FN:30,(anonymous_2)
FN:34,(anonymous_3)
FNF:4
FNH:4
FNDA:3,(anonymous_0)
FNDA:2,(anonymous_1)
FNDA:1,(anonymous_2)
FNDA:5,(anonymous_3)
DA:1,1
DA:18,3
DA:19,2
DA:27,2
DA:31,1
DA:35,5
DA:36,3
DA:48,2
DA:52,1
LF:9
LH:9
BRDA:35,0,0,3
BRF:1
BRH:1
end_of_record
TN:
SF:src/components/FirstTest.tsx
FN:1,(anonymous_0)
FNF:1
FNH:1
FNDA:1,(anonymous_0)
DA:1,1
DA:2,1
DA:8,1
LF:3
LH:3
BRF:0
BRH:0
end_of_record
TN:
SF:src/components/Flyout.tsx
FN:6,(anonymous_0)
FN:8,(anonymous_1)
FN:12,(anonymous_2)
FN:16,(anonymous_3)
FN:22,(anonymous_4)
FNF:5
FNH:5
FNDA:4,(anonymous_0)
FNDA:8,(anonymous_1)
FNDA:1,(anonymous_2)
FNDA:4,(anonymous_3)
FNDA:6,(anonymous_4)
DA:1,1
DA:2,1
DA:4,1
DA:6,1
DA:7,4
DA:8,8
DA:10,4
DA:12,4
DA:13,1
DA:16,4
DA:17,4
DA:19,3
DA:20,3
DA:22,3
DA:23,6
DA:24,6
DA:27,3
DA:28,3
DA:30,3
DA:33,4
DA:48,1
LF:21
LH:21
BRDA:17,0,0,1
BRDA:23,1,0,6
BRDA:23,1,1,6
BRDA:34,2,0,1
BRDA:34,2,1,3
BRDA:36,3,0,4
BRDA:36,3,1,3
BRDA:39,4,0,4
BRDA:39,4,1,3
BRF:9
BRH:9
end_of_record
TN:
SF:src/components/Item.tsx
FN:16,(anonymous_0)
FN:19,(anonymous_1)
FN:21,(anonymous_2)
FN:24,(anonymous_3)
FNF:4
FNH:4
FNDA:6,(anonymous_0)
FNDA:12,(anonymous_1)
FNDA:1,(anonymous_2)
FNDA:2,(anonymous_3)
DA:2,3
DA:4,3
DA:5,3
DA:16,3
DA:17,6
DA:18,6
DA:19,12
DA:21,6
DA:22,6
DA:24,6
DA:25,2
DA:26,1
DA:28,1
DA:32,6
DA:45,3
LF:15
LH:15
BRDA:25,0,0,1
BRDA:25,0,1,1
BRDA:40,1,0,6
BRDA:40,1,1,4
BRF:4
BRH:4
end_of_record
TN:
SF:src/components/ListItem.tsx
FN:10,(anonymous_1)
FN:13,(anonymous_2)
FN:22,(anonymous_3)
FN:25,(anonymous_4)
FNF:4
FNH:4
FNDA:2,(anonymous_1)
FNDA:1,(anonymous_2)
FNDA:2,(anonymous_3)
FNDA:1,(anonymous_4)
DA:2,2
DA:3,2
DA:10,2
DA:11,2
DA:13,2
DA:14,1
DA:15,1
DA:16,1
DA:19,2
DA:23,2
DA:24,2
DA:25,1
DA:35,2
LF:13
LH:13
BRDA:23,0,0,2
BRDA:23,0,1,0
BRF:2
BRH:1
end_of_record
TN:
SF:src/components/Pagination.tsx
FN:9,(anonymous_0)
FN:18,(anonymous_1)
FN:27,(anonymous_2)
FNF:3
FNH:3
FNDA:4,(anonymous_0)
FNDA:1,(anonymous_1)
FNDA:1,(anonymous_2)
DA:9,1
DA:14,4
DA:18,1
DA:27,1
LF:4
LH:4
BRF:0
BRH:0
end_of_record
TN:
SF:src/components/Search.tsx
FN:8,(anonymous_0)
FN:11,(anonymous_1)
FN:15,(anonymous_2)
FN:20,(anonymous_3)
FNF:4
FNH:4
FNDA:5,(anonymous_0)
FNDA:2,(anonymous_1)
FNDA:2,(anonymous_2)
FNDA:1,(anonymous_3)
DA:1,1
DA:8,1
DA:9,5
DA:11,5
DA:12,2
DA:15,5
DA:16,2
DA:17,2
DA:20,5
DA:21,1
DA:22,1
DA:26,5
DA:40,1
LF:13
LH:13
BRDA:21,0,0,1
BRF:1
BRH:1
end_of_record
TN:
SF:src/components/ThemeSelector.tsx
FN:5,(anonymous_0)
FN:8,(anonymous_1)
FNF:2
FNH:2
FNDA:3,(anonymous_0)
FNDA:1,(anonymous_1)
DA:2,1
DA:5,1
DA:6,3
DA:8,3
DA:9,1
DA:12,3
DA:23,1
LF:7
LH:7
BRF:0
BRH:0
end_of_record
TN:
SF:src/context/ThemeProvider.tsx
FN:5,(anonymous_1)
FNF:1
FNH:1
FNDA:5,(anonymous_1)
DA:1,1
DA:2,1
DA:5,1
DA:8,5
DA:10,5
LF:5
LH:5
BRF:0
BRH:0
end_of_record
TN:
SF:src/context/theme-context.ts
FN:14,(anonymous_0)
FNF:1
FNH:1
FNDA:10,(anonymous_0)
DA:1,1
DA:10,1
DA:14,1
DA:15,10
DA:16,9
DA:17,5
LF:6
LH:6
BRDA:16,0,0,4
BRF:1
BRH:1
end_of_record
TN:
SF:src/pages/DetailItemPage.tsx
FN:4,(anonymous_0)
FN:23,(anonymous_1)
FNF:2
FNH:2
FNDA:3,(anonymous_0)
FNDA:1,(anonymous_1)
DA:2,1
DA:3,1
DA:4,1
DA:5,3
DA:6,3
DA:12,3
DA:17,3
DA:18,3
DA:19,2
DA:21,2
DA:23,1
DA:32,1
LF:12
LH:12
BRDA:17,0,0,0
BRDA:18,1,0,1
BRDA:19,2,0,0
BRF:3
BRH:1
end_of_record
TN:
SF:src/pages/MainPage.tsx
FN:9,(anonymous_1)
FN:23,(anonymous_2)
FN:29,(anonymous_3)
FN:34,(anonymous_4)
FNF:4
FNH:4
FNDA:10,(anonymous_1)
FNDA:3,(anonymous_2)
FNDA:1,(anonymous_3)
FNDA:1,(anonymous_4)
DA:1,1
DA:2,1
DA:3,1
DA:4,1
DA:5,1
DA:6,1
DA:7,1
DA:9,1
DA:10,10
DA:11,10
DA:13,10
DA:14,10
DA:15,10
DA:17,10
DA:23,10
DA:24,3
DA:25,1
DA:29,10
DA:30,1
DA:31,1
DA:34,10
DA:35,1
DA:36,1
DA:37,1
DA:38,1
DA:41,10
DA:43,10
DA:69,1
LF:28
LH:28
BRDA:15,0,0,10
BRDA:15,0,1,4
BRDA:24,1,0,1
BRDA:41,2,0,1
BRDA:41,2,1,9
BRDA:49,3,0,10
BRDA:49,3,1,9
BRDA:50,4,0,10
BRDA:50,4,1,0
BRDA:51,5,0,10
BRDA:51,5,1,1
BRDA:51,5,2,1
BRDA:52,6,0,10
BRDA:52,6,1,1
BRF:14
BRH:13
end_of_record
TN:
SF:src/pages/NotFoundPage.tsx
FN:4,(anonymous_0)
FNF:1
FNH:1
FNDA:1,(anonymous_0)
DA:2,1
DA:4,1
DA:5,1
DA:14,1
LF:4
LH:4
BRF:0
BRH:0
end_of_record
TN:
SF:src/redux/apiSlice.ts
FN:16,(anonymous_1)
FN:21,(anonymous_2)
FN:36,(anonymous_3)
FNF:3
FNH:3
FNDA:4,(anonymous_1)
FNDA:6,(anonymous_2)
FNDA:1,(anonymous_3)
DA:1,4
DA:2,4
DA:4,4
DA:13,4
DA:16,4
DA:22,6
DA:23,6
DA:24,0
DA:26,6
DA:27,6
DA:28,3
DA:30,3
DA:32,6
DA:37,1
DA:38,1
DA:39,0
DA:41,1
DA:47,4
LF:18
LH:16
BRDA:21,0,0,0
BRDA:23,1,0,0
BRDA:27,2,0,3
BRDA:27,2,1,3
BRDA:38,3,0,0
BRF:5
BRH:2
end_of_record
TN:
SF:src/redux/selectItemSlice.ts
FN:16,(anonymous_0)
FN:17,(anonymous_1)
FN:21,(anonymous_2)
FN:22,(anonymous_3)
FN:24,(anonymous_4)
FN:28,(anonymous_5)
FNF:6
FNH:6
FNDA:12,(anonymous_0)
FNDA:4,(anonymous_1)
FNDA:3,(anonymous_2)
FNDA:3,(anonymous_3)
FNDA:4,(anonymous_4)
FNDA:7,(anonymous_5)
DA:1,7
DA:8,7
DA:12,7
DA:17,12
DA:18,11
DA:22,3
DA:23,3
DA:24,4
DA:29,7
DA:34,7
DA:36,7
LF:11
LH:11
BRDA:17,0,0,11
BRDA:22,1,0,3
BRF:2
BRH:2
end_of_record
TN:
SF:src/redux/store.ts
FN:10,(anonymous_1)
FNF:1
FNH:1
FNDA:1,(anonymous_1)
DA:1,1
DA:2,1
DA:3,1
DA:5,1
DA:11,1
DA:16,1
LF:6
LH:6
BRF:0
BRH:0
end_of_record
TN:
SF:src/utils/endpoint.ts
FNF:0
FNH:0
DA:1,4
DA:3,4
DA:11,4
LF:3
LH:3
BRF:0
BRH:0
end_of_record
